This is pdfeTeX, Version 3.141592-1.30.6-2.2 (MiKTeX 2.5) (preloaded format=pdflatex 2008.5.7)  9 SEP 2009 12:51
entering extended mode
**\nonstopmode{}\input{SkewedHyperbolic-manual.tex}
(SkewedHyperbolic-manual.tex
("C:\Program Files\MiKTeX 2.5\tex\latex\base\book.cls"
Document Class: book 2005/09/16 v1.4f Standard LaTeX document class
("C:\Program Files\MiKTeX 2.5\tex\latex\base\bk10.clo"
File: bk10.clo 2005/09/16 v1.4f Standard LaTeX file (size option)
)
\c@part=\count79
\c@chapter=\count80
\c@section=\count81
\c@subsection=\count82
\c@subsubsection=\count83
\c@paragraph=\count84
\c@subparagraph=\count85
\c@figure=\count86
\c@table=\count87
\abovecaptionskip=\skip41
\belowcaptionskip=\skip42
\bibindent=\dimen102
)
(c:\PROGRA~1\R\R-28~1.1\share\texmf\Rd.sty
Package: Rd 

("C:\Program Files\MiKTeX 2.5\tex\latex\base\ifthen.sty"
Package: ifthen 2001/05/26 v1.1c Standard LaTeX ifthen package (DPC)
)
("C:\Program Files\MiKTeX 2.5\tex\latex\tools\longtable.sty"
Package: longtable 2004/02/01 v4.11 Multi-page Table package (DPC)
\LTleft=\skip43
\LTright=\skip44
\LTpre=\skip45
\LTpost=\skip46
\LTchunksize=\count88
\LTcapwidth=\dimen103
\LT@head=\box26
\LT@firsthead=\box27
\LT@foot=\box28
\LT@lastfoot=\box29
\LT@cols=\count89
\LT@rows=\count90
\c@LT@tables=\count91
\c@LT@chunks=\count92
\LT@p@ftn=\toks14
)
("C:\Program Files\MiKTeX 2.5\tex\latex\tools\bm.sty"
Package: bm 2004/02/26 v1.1c Bold Symbol Support (DPC/FMi)
\symboldoperators=\mathgroup4
\symboldletters=\mathgroup5
\symboldsymbols=\mathgroup6
LaTeX Font Info:    Redeclaring math alphabet \mathbf on input line 137.
LaTeX Info: Redefining \bm on input line 203.
)
("C:\Program Files\MiKTeX 2.5\tex\latex\base\alltt.sty"
Package: alltt 1997/06/16 v2.0g defines alltt environment
)
("C:\Program Files\MiKTeX 2.5\tex\latex\tools\verbatim.sty"
Package: verbatim 2003/08/22 v1.5q LaTeX2e package for verbatim enhancements
\every@verbatim=\toks15
\verbatim@line=\toks16
\verbatim@in@stream=\read1
)
("C:\Program Files\MiKTeX 2.5\tex\latex\ltxmisc\url.sty"
\Urlmuskip=\muskip10
Package: url 2005/06/27  ver 3.2  Verb mode for urls, etc.
)
(c:\PROGRA~1\R\R-28~1.1\share\texmf\upquote.sty
Package: upquote 2003/08/11 v1.1 Covington's upright-quote modification to verb
atim and verb

("C:\Program Files\MiKTeX 2.5\tex\latex\base\textcomp.sty"
Package: textcomp 2005/09/27 v1.99g Standard LaTeX package
Package textcomp Info: Sub-encoding information:
(textcomp)               5 = only ISO-Adobe without \textcurrency
(textcomp)               4 = 5 + \texteuro
(textcomp)               3 = 4 + \textohm
(textcomp)               2 = 3 + \textestimated + \textcurrency
(textcomp)               1 = TS1 - \textcircled - \t
(textcomp)               0 = TS1 (full)
(textcomp)             Font families with sub-encoding setting implement
(textcomp)             only a restricted character set as indicated.
(textcomp)             Family '?' is the default used for unknown fonts.
(textcomp)             See the documentation for details.
Package textcomp Info: Setting ? sub-encoding to TS1/1 on input line 71.

("C:\Program Files\MiKTeX 2.5\tex\latex\base\ts1enc.def"
File: ts1enc.def 2001/06/05 v3.0e (jk/car/fm) Standard LaTeX file
)
LaTeX Info: Redefining \oldstylenums on input line 266.
Package textcomp Info: Setting cmr sub-encoding to TS1/0 on input line 281.
Package textcomp Info: Setting cmss sub-encoding to TS1/0 on input line 282.
Package textcomp Info: Setting cmtt sub-encoding to TS1/0 on input line 283.
Package textcomp Info: Setting cmvtt sub-encoding to TS1/0 on input line 284.
Package textcomp Info: Setting cmbr sub-encoding to TS1/0 on input line 285.
Package textcomp Info: Setting cmtl sub-encoding to TS1/0 on input line 286.
Package textcomp Info: Setting ccr sub-encoding to TS1/0 on input line 287.
Package textcomp Info: Setting ptm sub-encoding to TS1/4 on input line 288.
Package textcomp Info: Setting pcr sub-encoding to TS1/4 on input line 289.
Package textcomp Info: Setting phv sub-encoding to TS1/4 on input line 290.
Package textcomp Info: Setting ppl sub-encoding to TS1/3 on input line 291.
Package textcomp Info: Setting pag sub-encoding to TS1/4 on input line 292.
Package textcomp Info: Setting pbk sub-encoding to TS1/4 on input line 293.
Package textcomp Info: Setting pnc sub-encoding to TS1/4 on input line 294.
Package textcomp Info: Setting pzc sub-encoding to TS1/4 on input line 295.
Package textcomp Info: Setting bch sub-encoding to TS1/4 on input line 296.
Package textcomp Info: Setting put sub-encoding to TS1/5 on input line 297.
Package textcomp Info: Setting uag sub-encoding to TS1/5 on input line 298.
Package textcomp Info: Setting ugq sub-encoding to TS1/5 on input line 299.
Package textcomp Info: Setting ul8 sub-encoding to TS1/4 on input line 300.
Package textcomp Info: Setting ul9 sub-encoding to TS1/4 on input line 301.
Package textcomp Info: Setting augie sub-encoding to TS1/5 on input line 302.
Package textcomp Info: Setting dayrom sub-encoding to TS1/3 on input line 303.
Package textcomp Info: Setting dayroms sub-encoding to TS1/3 on input line 304.

Package textcomp Info: Setting pxr sub-encoding to TS1/0 on input line 305.
Package textcomp Info: Setting pxss sub-encoding to TS1/0 on input line 306.
Package textcomp Info: Setting pxtt sub-encoding to TS1/0 on input line 307.
Package textcomp Info: Setting txr sub-encoding to TS1/0 on input line 308.
Package textcomp Info: Setting txss sub-encoding to TS1/0 on input line 309.
Package textcomp Info: Setting txtt sub-encoding to TS1/0 on input line 310.
Package textcomp Info: Setting futs sub-encoding to TS1/4 on input line 311.
Package textcomp Info: Setting futx sub-encoding to TS1/4 on input line 312.
Package textcomp Info: Setting futj sub-encoding to TS1/4 on input line 313.
Package textcomp Info: Setting hlh sub-encoding to TS1/3 on input line 314.
Package textcomp Info: Setting hls sub-encoding to TS1/3 on input line 315.
Package textcomp Info: Setting hlst sub-encoding to TS1/3 on input line 316.
Package textcomp Info: Setting hlct sub-encoding to TS1/5 on input line 317.
Package textcomp Info: Setting hlx sub-encoding to TS1/5 on input line 318.
Package textcomp Info: Setting hlce sub-encoding to TS1/5 on input line 319.
Package textcomp Info: Setting hlcn sub-encoding to TS1/5 on input line 320.
Package textcomp Info: Setting hlcw sub-encoding to TS1/5 on input line 321.
Package textcomp Info: Setting hlcf sub-encoding to TS1/5 on input line 322.
Package textcomp Info: Setting pplx sub-encoding to TS1/3 on input line 323.
Package textcomp Info: Setting pplj sub-encoding to TS1/3 on input line 324.
Package textcomp Info: Setting ptmx sub-encoding to TS1/4 on input line 325.
Package textcomp Info: Setting ptmj sub-encoding to TS1/4 on input line 326.
))
\ldescriptionwidth=\skip47
 NOT loading ae
("C:\Program Files\MiKTeX 2.5\tex\latex\base\fontenc.sty"
Package: fontenc 2005/09/27 v1.99g Standard LaTeX package

("C:\Program Files\MiKTeX 2.5\tex\latex\base\t1enc.def"
File: t1enc.def 2005/09/27 v1.99g Standard LaTeX file
LaTeX Font Info:    Redeclaring font encoding T1 on input line 43.
))
("C:\Program Files\MiKTeX 2.5\tex\latex\psnfss\times.sty"
Package: times 2005/04/12 PSNFSS-v9.2a (SPQR) 
) NOT loading lmodern
("C:\Program Files\MiKTeX 2.5\tex\latex\graphics\color.sty"
Package: color 2005/11/14 v1.0j Standard LaTeX Color (DPC)

("C:\Program Files\MiKTeX 2.5\tex\latex\00miktex\color.cfg"
File: color.cfg 2005/12/29 v1.1 MiKTeX 'color' configuration
)
Package color Info: Driver file: pdftex.def on input line 130.

("C:\Program Files\MiKTeX 2.5\tex\latex\graphics\pdftex.def"
File: pdftex.def 2006/08/14 v0.03t Graphics/color for pdfTeX
\Gread@gobject=\count93
))
("C:\Program Files\MiKTeX 2.5\tex\latex\hyperref\hyperref.sty"
Package: hyperref 2006/09/06 v6.75e Hypertext links for LaTeX

("C:\Program Files\MiKTeX 2.5\tex\latex\graphics\keyval.sty"
Package: keyval 1999/03/16 v1.13 key=value parser (DPC)
\KV@toks@=\toks17
)
\@linkdim=\dimen104
\Hy@linkcounter=\count94
\Hy@pagecounter=\count95

("C:\Program Files\MiKTeX 2.5\tex\latex\hyperref\pd1enc.def"
File: pd1enc.def 2006/09/06 v6.75e Hyperref: PDFDocEncoding definition (HO)
)
("C:\Program Files\MiKTeX 2.5\tex\latex\00miktex\hyperref.cfg"
File: hyperref.cfg 2006/02/14 v1.1 MiKTeX 'hyperref' configuration
)
("C:\Program Files\MiKTeX 2.5\tex\latex\oberdiek\kvoptions.sty"
Package: kvoptions 2006/08/22 v2.4 Connects package keyval with LaTeX options (
HO)
)
Package hyperref Info: Hyper figures OFF on input line 2123.
Package hyperref Info: Link nesting OFF on input line 2128.
Package hyperref Info: Hyper index ON on input line 2131.
Package hyperref Info: Plain pages OFF on input line 2138.
Package hyperref Info: Backreferencing OFF on input line 2143.

Implicit mode ON; LaTeX internals redefined
Package hyperref Info: Bookmarks ON on input line 2273.
LaTeX Info: Redefining \href on input line 2415.
LaTeX Info: Redefining \url on input line 2428.
\Fld@menulength=\count96
\Field@Width=\dimen105
\Fld@charsize=\dimen106
\Choice@toks=\toks18
\Field@toks=\toks19
Package hyperref Info: Hyper figures OFF on input line 2906.
Package hyperref Info: Link nesting OFF on input line 2911.
Package hyperref Info: Hyper index ON on input line 2914.
Package hyperref Info: backreferencing OFF on input line 2921.
Package hyperref Info: Link coloring OFF on input line 2926.
\Hy@abspage=\count97
\c@Item=\count98
\c@Hfootnote=\count99
)
*hyperref using default driver hpdftex*
("C:\Program Files\MiKTeX 2.5\tex\latex\hyperref\hpdftex.def"
File: hpdftex.def 2006/09/06 v6.75e Hyperref driver for pdfTeX
\Fld@listcount=\count100
)

Package hyperref Warning: Option `hyperindex' has already been used,
(hyperref)                setting the option has no effect on input line 315.

Package hyperref Info: Option `colorlinks' set `true' on input line 315.

Package hyperref Warning: Option `pagebackref' has already been used,
(hyperref)                setting the option has no effect on input line 315.

Package hyperref Info: Option `linktocpage' set `true' on input line 315.
Package hyperref Info: Option `plainpages' set `false' on input line 315.
)
No file SkewedHyperbolic-manual.aux.
LaTeX Font Info:    Checking defaults for OML/cmm/m/it on input line 3.
LaTeX Font Info:    ... okay on input line 3.
LaTeX Font Info:    Checking defaults for T1/cmr/m/n on input line 3.
LaTeX Font Info:    ... okay on input line 3.
LaTeX Font Info:    Checking defaults for OT1/cmr/m/n on input line 3.
LaTeX Font Info:    ... okay on input line 3.
LaTeX Font Info:    Checking defaults for OMS/cmsy/m/n on input line 3.
LaTeX Font Info:    ... okay on input line 3.
LaTeX Font Info:    Checking defaults for OMX/cmex/m/n on input line 3.
LaTeX Font Info:    ... okay on input line 3.
LaTeX Font Info:    Checking defaults for U/cmr/m/n on input line 3.
LaTeX Font Info:    ... okay on input line 3.
LaTeX Font Info:    Checking defaults for TS1/cmr/m/n on input line 3.
LaTeX Font Info:    Try loading font information for TS1+cmr on input line 3.
("C:\Program Files\MiKTeX 2.5\tex\latex\base\ts1cmr.fd"
File: ts1cmr.fd 1999/05/25 v2.5h Standard LaTeX font definitions
)
LaTeX Font Info:    ... okay on input line 3.
LaTeX Font Info:    Checking defaults for PD1/pdf/m/n on input line 3.
LaTeX Font Info:    ... okay on input line 3.
LaTeX Font Info:    Try loading font information for T1+ptm on input line 3.

("C:\Program Files\MiKTeX 2.5\tex\latex\psnfss\t1ptm.fd"
File: t1ptm.fd 2001/06/04 font definitions for T1/ptm.
)
("C:\Program Files\MiKTeX 2.5\tex\context\base\supp-pdf.tex"
("C:\Program Files\MiKTeX 2.5\tex\context\base\supp-mis.tex"
loading : Context Support Macros / Miscellaneous (2004.10.26)
\protectiondepth=\count101
\scratchcounter=\count102
\scratchtoks=\toks20
\scratchdimen=\dimen107
\scratchskip=\skip48
\scratchmuskip=\muskip11
\scratchbox=\box30
\scratchread=\read2
\scratchwrite=\write3
\zeropoint=\dimen108
\onepoint=\dimen109
\onebasepoint=\dimen110
\minusone=\count103
\thousandpoint=\dimen111
\onerealpoint=\dimen112
\emptytoks=\toks21
\nextbox=\box31
\nextdepth=\dimen113
\everyline=\toks22
\!!counta=\count104
\!!countb=\count105
\recursecounter=\count106
)
loading : Context Support Macros / PDF (2004.03.26)
\nofMPsegments=\count107
\nofMParguments=\count108
\MPscratchCnt=\count109
\MPscratchDim=\dimen114
\MPnumerator=\count110
\everyMPtoPDFconversion=\toks23
)
Package hyperref Info: Link coloring ON on input line 3.
 ("C:\Program Files\MiKTeX 2.5\tex\latex\hyperref\nameref.sty"
Package: nameref 2006/08/15 v2.26 Cross-referencing by name of section

("C:\Program Files\MiKTeX 2.5\tex\latex\oberdiek\refcount.sty"
Package: refcount 2006/02/20 v3.0 Data extraction from references (HO)
)
\c@section@level=\count111
)
LaTeX Info: Redefining \ref on input line 3.
LaTeX Info: Redefining \pageref on input line 3.
\@outlinefile=\write4
LaTeX Font Info:    Try loading font information for T1+pcr on input line 4.

("C:\Program Files\MiKTeX 2.5\tex\latex\psnfss\t1pcr.fd"
File: t1pcr.fd 2001/06/04 font definitions for T1/pcr.
)
LaTeX Font Info:    External font `cmex10' loaded for size
(Font)              <7> on input line 4.
LaTeX Font Info:    External font `cmex10' loaded for size
(Font)              <5> on input line 4.
LaTeX Font Info:    Font shape `T1/ptm/bx/n' in size <10> not available
(Font)              Font shape `T1/ptm/b/n' tried instead on input line 10.

Overfull \hbox (18.78088pt too wide) in paragraph at lines 19--19
 []\T1/pcr/m/n/10 dskewhyp(x, mu = 0, delta = 1, beta = 1, nu = 1, param = c(mu
, delta,[] 
 []


Overfull \hbox (30.78088pt too wide) in paragraph at lines 22--22
 []  \T1/pcr/m/n/10 c(mu,delta,beta,nu), log = FALSE, lower.tail = TRUE, small 
= 10^(-6),[] 
 []


Overfull \hbox (18.78088pt too wide) in paragraph at lines 25--25
 []  \T1/pcr/m/n/10 c(mu,delta,beta,nu), small = 10^(-6), tiny = 10^(-10), deri
v = 0.3,[] 
 []

[1{psfonts.map}

] [2]
Overfull \hbox (24.78088pt too wide) in paragraph at lines 152--152
 []\T1/pcr/m/n/10 qqskewhyp(y, mu = 0, delta = 1, beta = 1, nu = 1, param = c(m
u, delta,[] 
 []

LaTeX Font Info:    Try loading font information for TS1+pcr on input line 153.

("C:\Program Files\MiKTeX 2.5\tex\latex\psnfss\ts1pcr.fd"
File: ts1pcr.fd 2001/06/04 font definitions for TS1/pcr.
)
Overfull \hbox (36.78088pt too wide) in paragraph at lines 154--154
 []\T1/pcr/m/n/10 "Theoretical Quantiles", ylab = "Sample Quantiles", plot.it =
 TRUE, line[] 
 []


Overfull \hbox (18.78088pt too wide) in paragraph at lines 156--156
 []\T1/pcr/m/n/10 ppskewhyp(y, beta = NULL, delta = NULL, mu = NULL, nu = NULL,
 param =[] 
 []


Overfull \hbox (36.78088pt too wide) in paragraph at lines 157--157
 []\T1/pcr/m/n/10 c(mu, delta, beta, nu), main = "Skewed Hyperbolic Student\TS1
/pcr/m/n/10 '\T1/pcr/m/n/10 s-t P-P Plot",[] 
 []


Overfull \hbox (48.78088pt too wide) in paragraph at lines 159--159
 []\T1/pcr/m/n/10 "Probability-integral-transformed Data", plot.it = TRUE, line
 = TRUE, ...)[] 
 []

[3]
Underfull \vbox (badness 10000) has occurred while \output is active []

 [4]
Overfull \hbox (25.88098pt too wide) in paragraph at lines 236--240
[][][]\T1/pcr/m/n/10 dskewhyp[][]\T1/ptm/m/n/10 , [][]\T1/pcr/m/n/10 skewhypMea
n[][]\T1/ptm/m/n/10 , [][]\T1/pcr/m/n/10 skewhypFit[][]\T1/ptm/m/n/10 , [][]\T1
/pcr/m/n/10 skewhypFitStart[][]\T1/ptm/m/n/10 , [][]\T1/pcr/m/n/10 skewhypBreak
s[][]\T1/ptm/m/n/10 , [][]\T1/pcr/m/n/10 qqskewhyp[][]\T1/ptm/m/n/10 ,
 []

[5]
Overfull \hbox (21.12877pt too wide) in paragraph at lines 306--308
[]\T1/ptm/m/n/10 The mode of the given skewed hy-per-bolic dis-tri-bu-tion, cal
-cu-lated by [][]\T1/pcr/m/n/10 skewhypMode[][]\T1/ptm/m/n/10 . 
 []


Overfull \hbox (24.78088pt too wide) in paragraph at lines 340--340
 []\T1/pcr/m/n/10 "Histogram of ", "Log-Histogram of ", "Q-Q Plot of ", "P-P Pl
ot of "),[] 
 []

[6]
Overfull \hbox (49.87949pt too wide) in paragraph at lines 351--354
[]\T1/ptm/m/n/10 Data Vec-tor for \T1/pcr/m/n/10 skewhypFit\T1/ptm/m/n/10 . Ob-
ject of class \T1/pcr/m/n/10 "skewhypFit" \T1/ptm/m/n/10 for \T1/pcr/m/n/10 plo
t.skewhypFit\T1/ptm/m/n/10 ,
 []


Overfull \hbox (2.61885pt too wide) in paragraph at lines 355--358
[]\T1/ptm/m/n/10 Breaks for his-togram, de-faults to those gen-er-ated by \T1/p
cr/m/n/10 hist(x, plot=FALSE,
 []


Overfull \hbox (21.77007pt too wide) in paragraph at lines 385--388
[]\T1/ptm/m/n/10 Passes ar-gu-ments to [][]\T1/pcr/m/n/10 optim[][]\T1/ptm/m/n/
10 , [][]\T1/pcr/m/n/10 nlm[][]\T1/ptm/m/n/10 , [][]\T1/pcr/m/n/10 hist[][]\T1/
ptm/m/n/10 ,[][]\T1/pcr/m/n/10 logHist[][]\T1/ptm/m/n/10 , [][]\T1/pcr/m/n/10 q
qskewhyp[][] \T1/ptm/m/n/10 and [][]\T1/pcr/m/n/10 ppskewhyp[][]\T1/ptm/m/n/10 
. 
 []


Overfull \hbox (18.50877pt too wide) in paragraph at lines 391--396
[]\T1/pcr/m/n/10 startValues \T1/ptm/m/n/10 can be ei-ther \T1/pcr/m/n/10 "US"\
T1/ptm/m/n/10 (User-supplied) or \T1/pcr/m/n/10 "LA" \T1/ptm/m/n/10 (Lin-ear ap
-prox-i-ma-tion) If \T1/pcr/m/n/10 startValues
 []

[7] [8]
Overfull \hbox (36.78088pt too wide) in paragraph at lines 455--455
 []\T1/pcr/m/n/10 skewhypFitStart(x, breaks = NULL, startValues = "LA", paramSt
art = NULL)[] 
 []


Overfull \hbox (0.14865pt too wide) in paragraph at lines 491--493
[]\T1/ptm/m/n/10 A vec-tor of the form \T1/pcr/m/n/10 c(mu, delta, beta, nu) \T
1/ptm/m/n/10 giv-ing the gen-er-ated start-
 []


Overfull \hbox (5.06845pt too wide) in paragraph at lines 495--498
[]\T1/ptm/m/n/10 The es-ti-mated den-sity at the mid-points found by a call to 
[][]\T1/pcr/m/n/10 hist[][] \T1/ptm/m/n/10 if \T1/pcr/m/n/10 startValues
 []

[9]
Overfull \hbox (18.78088pt too wide) in paragraph at lines 526--526
 []\T1/pcr/m/n/10 skewhypMean(mu = 0, delta = 1, beta = 1, nu = 1, param = c(mu
, delta,[] 
 []


Overfull \hbox (12.78088pt too wide) in paragraph at lines 528--528
 []\T1/pcr/m/n/10 skewhypVar(mu = 0, delta = 1, beta = 1, nu = 1, param = c(mu,
 delta,[] 
 []


Overfull \hbox (18.78088pt too wide) in paragraph at lines 530--530
 []\T1/pcr/m/n/10 skewhypSkew(mu = 0, delta = 1, beta = 1, nu = 1, param = c(mu
, delta,[] 
 []


Overfull \hbox (18.78088pt too wide) in paragraph at lines 532--532
 []\T1/pcr/m/n/10 skewhypKurt(mu = 0, delta = 1, beta = 1, nu = 1, param = c(mu
, delta,[] 
 []


Overfull \hbox (18.78088pt too wide) in paragraph at lines 534--534
 []\T1/pcr/m/n/10 skewhypMode(mu = 0, delta = 1, beta = 1, nu = 1, param = c(mu
, delta,[] 
 []

[10] [11] (SkewedHyperbolic-manual.aux) ) 
Here is how much of TeX's memory you used:
 3946 strings out of 95419
 50525 string characters out of 1187337
 100423 words of memory out of 1099515
 6851 multiletter control sequences out of 60000
 19234 words of font info for 35 fonts, out of 1000000 for 2000
 14 hyphenation exceptions out of 8191
 35i,5n,34p,262b,559s stack positions out of 5000i,500n,10000p,200000b,32768s
PDF statistics:
 251 PDF objects out of 300000
 104 named destinations out of 300000
 17 words of extra memory for PDF output out of 10000

! pdfTeX warning (dest): name{Rfn.density} has been referenced but does not exi
st, replaced by a fixed one

! pdfTeX warning (dest): name{Rfn.logHist} has been referenced but does not exi
st, replaced by a fixed one

! pdfTeX warning (dest): name{Rfn.hist} has been referenced but does not exist,
 replaced by a fixed one

! pdfTeX warning (dest): name{Rfn.nlm} has been referenced but does not exist, 
replaced by a fixed one

! pdfTeX warning (dest): name{Rfn.optim} has been referenced but does not exist
, replaced by a fixed one

! pdfTeX warning (dest): name{Rfn.par} has been referenced but does not exist, 
replaced by a fixed one

! pdfTeX warning (dest): name{Rfn.uniroot} has been referenced but does not exi
st, replaced by a fixed one

! pdfTeX warning (dest): name{Rfn.HyperbolicDist} has been referenced but does 
not exist, replaced by a fixed one

! pdfTeX warning (dest): name{Rfn.qqplot} has been referenced but does not exis
t, replaced by a fixed one

! pdfTeX warning (dest): name{Rfn.ppoints} has been referenced but does not exi
st, replaced by a fixed one

! pdfTeX warning (dest): name{Rfn.safeIntegrate} has been referenced but does n
ot exist, replaced by a fixed one

! pdfTeX warning (dest): name{Rfn.integrate} has been referenced but does not e
xist, replaced by a fixed one

<C:/Program Files/MiKTeX 2.5/fonts/type1/bluesky/cm/cmex10.pfb><C:/Program File
s/MiKTeX 2.5/fonts/type1/bluesky/cm/cmsy10.pfb><C:/Program Files/MiKTeX 2.5/fon
ts/type1/bluesky/cm/cmmi7.pfb><C:/Program Files/MiKTeX 2.5/fonts/type1/bluesky/
cm/cmmi5.pfb><C:/Program Files/MiKTeX 2.5/fonts/type1/bluesky/cm/cmsy5.pfb><C:/
Program Files/MiKTeX 2.5/fonts/type1/bluesky/cm/cmr5.pfb><C:/Program Files/MiKT
eX 2.5/fonts/type1/bluesky/cm/cmr7.pfb><C:/Program Files/MiKTeX 2.5/fonts/type1
/bluesky/cm/cmr10.pfb><C:/Program Files/MiKTeX 2.5/fonts/type1/bluesky/cm/cmmi1
0.pfb>{8r.enc}<C:/Program Files/MiKTeX 2.5/fonts/type1/urw/times/utmb8a.pfb><C:
/Program Files/MiKTeX 2.5/fonts/type1/urw/times/utmri8a.pfb><C:/Program Files/M
iKTeX 2.5/fonts/type1/urw/courier/ucrr8a.pfb><C:/Program Files/MiKTeX 2.5/fonts
/type1/urw/times/utmr8a.pfb><C:/Program Files/MiKTeX 2.5/fonts/type1/urw/times/
utmr8a.pfb>
Output written on SkewedHyperbolic-manual.pdf (11 pages, 157980 bytes).
