* using log directory 'C:/Users/dsco036/Documents/Research/Packages/SkewHyperbolicDevel/Fiona30Sep09/SkewHyperbolic.Rcheck'
* using R version 2.9.2 (2009-08-24)
* using session charset: ISO8859-1
* checking for file 'SkewHyperbolic/DESCRIPTION' ... OK
* checking extension type ... Package
* this is package 'SkewHyperbolic' version '0.1-1'
* checking package name space information ... OK
* checking package dependencies ... OK
* checking if this is a source package ... OK
* checking for .dll and .exe files ... OK
* checking whether package 'SkewHyperbolic' can be installed ... OK
* checking package directory ... OK
* checking for portable file names ... OK
* checking DESCRIPTION meta-information ... OK
* checking top-level files ... OK
* checking index information ... OK
* checking package subdirectories ... OK
* checking R files for non-ASCII characters ... OK
* checking R files for syntax errors ... OK
* checking whether the package can be loaded ... OK
* checking whether the package can be loaded with stated dependencies ... OK
* checking whether the name space can be loaded with stated dependencies ... OK
* checking for unstated dependencies in R code ... OK
* checking S3 generic/method consistency ... OK
* checking replacement functions ... OK
* checking foreign function calls ... OK
* checking R code for possible problems ... OK
* checking Rd files ... OK
* checking Rd files against version 2 parser ... OK
* checking Rd cross-references ... OK
* checking for missing documentation entries ... OK
* checking for code/documentation mismatches ... OK
* checking Rd \usage sections ... OK
* checking data for non-ASCII characters ... OK
* checking examples ... OK
* checking PDF version of manual ... OK
