
 Read .Rprofile

*** 'hhc.exe' not found: not building CHM help

* Installing *source* package 'SkewHyperbolic' ...
** R
** data
** preparing package for lazy loading

Attaching package: 'HyperbolicDist'


	The following object(s) are masked from package:djsmisc :

	 skewness 

** help
*** installing help indices
 >>> Building/Updating help pages for package 'SkewHyperbolic'
     Formats: text html latex example 
Note: removing empty section \examples in file 'SkewHyperbolic-package.Rd'
  SkewHyperbolic-package            text    html    latex
  dskewhyp                          text    html    latex   example
  lrdji                             text    html    latex   example
  lrnokeur                          text    html    latex   example
  qqskewhyp                         text    html    latex   example
  skewhypBreaks                     text    html    latex   example
  skewhypFit                        text    html    latex   example
  skewhypFitStart                   text    html    latex   example
  skewhypMeanVarMode                text    html    latex   example
** building package indices ...
** MD5 sums
* DONE (SkewHyperbolic)
